C51 COMPILER V9.00   DHT11                                                                 11/15/2018 21:15:53 PAGE 1   


C51 COMPILER V9.00, COMPILATION OF MODULE DHT11
OBJECT MODULE PLACED IN dht11.obj
COMPILER INVOKED BY: D:\Keil_v5\C51\BIN\C51.EXE DHT11\dht11.c OPTIMIZE(8,SPEED) BROWSE INCDIR(.\oled;..\STC15NRFre;.\Tim
                    -e4;.\DHT11) DEBUG OBJECTEXTEND PRINT(.\dht11.lst) TABS(2) OBJECT(dht11.obj)

line level    source

   1          #include "dht11.h"
   2          #include "delay.h"
   3          
   4          
   5          unsigned char tempH,tempL,humyH,humyL,CheckData;
   6          
   7          void DHT11_Start()
   8          {
   9   1        DHT11_Data=1;
  10   1        Delay10us();
  11   1        DHT11_Data=0;
  12   1        Delay20ms();
  13   1        DHT11_Data=1;
  14   1        Delay10us();
  15   1        Delay10us();
  16   1        Delay10us();
  17   1      }
  18          
  19          unsigned char ReceiveDHT11_Data()
  20          {
  21   1        unsigned char i,temp,count,data_byte;
  22   1        for(i=0;i<8;i++)
  23   1        {
  24   2          count=2;
  25   2          while((!DHT11_Data)&&(count++));  //等待50us时间的结束
  26   2          temp=0;
  27   2          Delay10us();
  28   2          Delay10us();
  29   2          Delay10us();
  30   2          Delay10us();
  31   2          if(DHT11_Data==1)
  32   2          {
  33   3            temp=1;
  34   3            count=2;
  35   3            while((DHT11_Data)&&(count++)); //等待70us时间的结束
  36   3          }
  37   2          if(count==1)break;
  38   2          data_byte<<=1;
  39   2          data_byte=data_byte|temp;
  40   2        }
  41   1        return data_byte;
  42   1      }
  43          
  44          void GetDHT11_Data()
  45          {
  46   1        unsigned char count;
  47   1        DHT11_Start();
  48   1        if(!DHT11_Data)
  49   1        {
  50   2          count=2;
  51   2          while((!DHT11_Data)&&(count++));  //等待80us低电平时间的结束
  52   2          count=2;
  53   2          while((DHT11_Data)&&(count++)); //等待80us高电平时间的结束
  54   2          humyH=ReceiveDHT11_Data();
C51 COMPILER V9.00   DHT11                                                                 11/15/2018 21:15:53 PAGE 2   

  55   2          humyL=ReceiveDHT11_Data();
  56   2          tempH=ReceiveDHT11_Data();
  57   2          tempL=ReceiveDHT11_Data();
  58   2          CheckData=ReceiveDHT11_Data();
  59   2          DHT11_Data=1;
  60   2        }
  61   1      }
  62          
  63          
  64          
  65          
  66          


MODULE INFORMATION:   STATIC OVERLAYABLE
   CODE SIZE        =    155    ----
   CONSTANT SIZE    =   ----    ----
   XDATA SIZE       =   ----    ----
   PDATA SIZE       =   ----    ----
   DATA SIZE        =      5       4
   IDATA SIZE       =   ----    ----
   BIT SIZE         =   ----    ----
END OF MODULE INFORMATION.


C51 COMPILATION COMPLETE.  0 WARNING(S),  0 ERROR(S)
