C51 COMPILER V9.00   DELAY                                                                 11/14/2018 19:53:48 PAGE 1   


C51 COMPILER V9.00, COMPILATION OF MODULE DELAY
OBJECT MODULE PLACED IN delay.obj
COMPILER INVOKED BY: D:\Keil_v5\C51\BIN\C51.EXE uart2\delay.c OPTIMIZE(8,SPEED) BROWSE INCDIR(.\oled;..\STC15NRFre;.\Tim
                    -e4;.\uart2) DEBUG OBJECTEXTEND PRINT(.\delay.lst) TABS(2) OBJECT(delay.obj)

line level    source

   1          #include "delay.h"
   2          
   3          void Delay1ms_8266(unsigned char t)   //@22.1184MHz  ÿ2ms
   4          {
   5   1        unsigned char i,j,z;
   6   1        for(z=t;z>0;z--)
   7   1        {
   8   2          
   9   2          _nop_();
  10   2          _nop_();
  11   2          i = 22;
  12   2          j = 128;
  13   2          do
  14   2          {
  15   3            while (--j);
  16   3          } while (--i);
  17   2        } 
  18   1      }
  19          
  20          
  21          
  22          void Delay10us_8266()   //@11.0592MHz
  23          {
  24   1        unsigned char i;
  25   1      
  26   1        _nop_();
  27   1        i = 25;
  28   1        while (--i);
  29   1      }
  30          
  31          
  32          void Delay1000ms_8266()   //@11.0592MHz
  33          {
  34   1        unsigned char i, j, k;
  35   1      
  36   1        _nop_();
  37   1        _nop_();
  38   1        i = 43;
  39   1        j = 6;
  40   1        k = 203;
  41   1        do
  42   1        {
  43   2          do
  44   2          {
  45   3            while (--k);
  46   3          } while (--j);
  47   2        } while (--i);
  48   1      }
  49          
  50          
  51          void Delay_8266(int cnt)
  52          {
  53   1          while(cnt>0)
  54   1          {
C51 COMPILER V9.00   DELAY                                                                 11/14/2018 19:53:48 PAGE 2   

  55   2            Delay1000ms_8266();
  56   2            cnt--;
  57   2          }
  58   1      }
  59          
  60          
  61          
  62          
  63          
  64          
  65          
  66          
  67          
  68          
  69          
  70          


MODULE INFORMATION:   STATIC OVERLAYABLE
   CODE SIZE        =     67    ----
   CONSTANT SIZE    =   ----    ----
   XDATA SIZE       =   ----    ----
   PDATA SIZE       =   ----    ----
   DATA SIZE        =   ----    ----
   IDATA SIZE       =   ----    ----
   BIT SIZE         =   ----    ----
END OF MODULE INFORMATION.


C51 COMPILATION COMPLETE.  0 WARNING(S),  0 ERROR(S)
