C51 COMPILER V9.00   T4_TIME                                                               11/14/2018 19:53:48 PAGE 1   


C51 COMPILER V9.00, COMPILATION OF MODULE T4_TIME
OBJECT MODULE PLACED IN T4_time.obj
COMPILER INVOKED BY: D:\Keil_v5\C51\BIN\C51.EXE Time4\T4_time.c OPTIMIZE(8,SPEED) BROWSE INCDIR(.\oled;..\STC15NRFre;.\T
                    -ime4;.\uart2) DEBUG OBJECTEXTEND PRINT(.\T4_time.lst) TABS(2) OBJECT(T4_time.obj)

line level    source

   1          //功能 ：用于测试定时器T4的文件
   2          #include "T4_Time.h"
   3          static unsigned char T4_Count=0;//T4中断计数器
   4          static unsigned char T4_Count1=0;//T4中断计数器
   5          static unsigned char T4_Count2=0;//T4中断计数器
   6          unsigned char flag1 =0;   //KEY1按下的标志位
   7          unsigned char flag2 =0;   //KEY2按下的标志位
   8          unsigned char Fasong1=0;
   9          //初始化定时器T4
  10          void Init_T4(void)//25ms  11.0592Mhz
  11          {
  12   1        //初始化T4作为MCULED指示灯
  13   1        T4T3M &= 0xDF;    //12T模式
  14   1        T4L = 0x00;   //定时器初值
  15   1        T4H = 0xA6;   //定时器初值
  16   1        T4T3M |= 0x80;    //T4开始计时
  17   1        IE2 |= 0X40;//允许T4中断
  18   1        T4T3M |= 0x80;//打开T4定时器
  19   1      }
  20          //定时器T4中断服务程序 25Ms中断一次
  21          void T4_INT(void) interrupt 20
  22          {
  23   1        T4_Count++;
  24   1        T4_Count1++;
  25   1        T4_Count2++;
  26   1        if(T4_Count > 20)   //led2  500ms闪烁
  27   1        {
  28   2          T4_Count = 0;
  29   2          led2 = ~led2;     //检测T4 工作正常即LED2以500ms亮灭    
  30   2        }
  31   1        if(T4_Count1 >1)   //按键检测
  32   1        {
  33   2          T4_Count1 = 0;
  34   2          if(KEY1 == 0)
  35   2          {
  36   3            flag1 =1;
  37   3          }
  38   2          if(KEY2 == 0)
  39   2          {
  40   3            flag2 =1;
  41   3          }   
  42   2        }
  43   1        if(T4_Count2 >=1){   //100ms进一次接受1
  44   2        
  45   2        Fasong1 = 1;
  46   2        
  47   2        }
  48   1      }


MODULE INFORMATION:   STATIC OVERLAYABLE
   CODE SIZE        =     78    ----
   CONSTANT SIZE    =   ----    ----
   XDATA SIZE       =   ----    ----
C51 COMPILER V9.00   T4_TIME                                                               11/14/2018 19:53:48 PAGE 2   

   PDATA SIZE       =   ----    ----
   DATA SIZE        =      6    ----
   IDATA SIZE       =   ----    ----
   BIT SIZE         =   ----    ----
END OF MODULE INFORMATION.


C51 COMPILATION COMPLETE.  0 WARNING(S),  0 ERROR(S)
